22/04/2024 13:23 [INFO] Отриманий список бронювань
22/04/2024 14:07 [INFO] Отриманий список бронювань
22/04/2024 20:46 [INFO] Отриманий список бронювань
22/04/2024 20:47 [INFO] Завантажений список пасажирів
22/04/2024 20:47 [INFO] Отриманий список бронювань
22/04/2024 20:47 [INFO] Отриманий список бронювань
22/04/2024 20:47 [INFO] Пасажир знайдений в БД
22/04/2024 20:47 [INFO] Отриманий список бронювань
22/04/2024 20:49 [INFO] Завантажений список пасажирів
22/04/2024 20:49 [INFO] Отриманий список бронювань
22/04/2024 20:49 [INFO] Отриманий список бронювань
22/04/2024 20:49 [INFO] Бронювання додано то списку
22/04/2024 20:49 [INFO] Бронювання успішно збережено в БД
22/04/2024 20:49 [INFO] Бронювання успішно створено
22/04/2024 20:49 [INFO] Завантажений список пасажирів
22/04/2024 20:49 [INFO] Отриманий список бронювань
22/04/2024 20:49 [INFO] Отриманий список бронювань
22/04/2024 20:49 [INFO] Пасажир знайдений в БД
22/04/2024 20:49 [INFO] Отриманий список бронювань
22/04/2024 20:50 [INFO] Завантажений список пасажирів
22/04/2024 20:50 [INFO] Отриманий список бронювань
22/04/2024 20:50 [INFO] Отриманий список бронювань
22/04/2024 20:50 [INFO] Бронювання додано то списку
22/04/2024 20:50 [INFO] Бронювання успішно збережено в БД
22/04/2024 20:50 [INFO] Бронювання успішно створено
22/04/2024 20:50 [INFO] Завантажений список пасажирів
22/04/2024 20:50 [INFO] Отриманий список бронювань
22/04/2024 20:50 [INFO] Отриманий список бронювань
22/04/2024 20:50 [INFO] Бронювання додано то списку
22/04/2024 20:50 [INFO] Бронювання успішно збережено в БД
22/04/2024 20:50 [INFO] Бронювання успішно створено
22/04/2024 20:51 [INFO] Завантажений список пасажирів
22/04/2024 20:51 [INFO] Отриманий список бронювань
22/04/2024 20:51 [INFO] Отриманий список бронювань
22/04/2024 20:51 [INFO] Бронювання додано то списку
22/04/2024 20:51 [INFO] Бронювання успішно збережено в БД
22/04/2024 20:51 [INFO] Бронювання успішно створено
22/04/2024 20:52 [INFO] Завантажений список пасажирів
22/04/2024 20:52 [INFO] Отриманий список бронювань
22/04/2024 20:52 [INFO] Завантажений список пасажирів
22/04/2024 20:52 [INFO] Отриманий список бронювань
22/04/2024 20:52 [INFO] Пасажир знайдений у базі даних
22/04/2024 20:52 [INFO] Отриманий список бронювань
22/04/2024 20:52 [INFO] Бронювання додано то списку
22/04/2024 20:52 [INFO] Бронювання успішно збережено в БД
22/04/2024 20:52 [INFO] Бронювання успішно створено
22/04/2024 20:52 [INFO] Завантажений список пасажирів
22/04/2024 20:52 [INFO] Отриманий список бронювань
22/04/2024 20:52 [INFO] Отриманий список бронювань
22/04/2024 20:52 [INFO] Пасажир знайдений в БД
22/04/2024 20:52 [INFO] Отриманий список бронювань
22/04/2024 21:52 [INFO] Отриманий список бронювань
22/04/2024 21:52 [INFO] Отриманий список бронювань
22/04/2024 21:53 [INFO] Завантажений список пасажирів
22/04/2024 21:53 [INFO] Отриманий список бронювань
22/04/2024 21:53 [INFO] Отриманий список бронювань
22/04/2024 21:53 [INFO] Бронювання додано то списку
22/04/2024 21:53 [INFO] Бронювання успішно збережено в БД
22/04/2024 21:53 [INFO] Бронювання успішно створено
22/04/2024 21:53 [INFO] Завантажений список пасажирів
22/04/2024 21:53 [INFO] Отриманий список бронювань
22/04/2024 21:53 [INFO] Отриманий список бронювань
22/04/2024 21:53 [INFO] Пошук пасажира в БД
22/04/2024 21:53 [INFO] Отриманий список бронювань
22/04/2024 21:54 [INFO] Завантажений список пасажирів
22/04/2024 21:54 [INFO] Отриманий список бронювань
22/04/2024 21:54 [INFO] Завантажений список пасажирів
22/04/2024 21:54 [INFO] Отриманий список бронювань
22/04/2024 21:54 [INFO] Пасажир знайдений у базі даних
22/04/2024 21:54 [INFO] Отриманий список бронювань
22/04/2024 21:54 [INFO] Бронювання додано то списку
22/04/2024 21:54 [INFO] Бронювання успішно збережено в БД
22/04/2024 21:54 [INFO] Бронювання успішно створено
22/04/2024 21:57 [INFO] Отриманий список бронювань
22/04/2024 21:57 [INFO] Завантажений список пасажирів
22/04/2024 21:57 [INFO] Отриманий список бронювань
22/04/2024 21:57 [INFO] Отриманий список бронювань
22/04/2024 21:57 [INFO] Пошук пасажира в БД
22/04/2024 21:57 [INFO] Отриманий список бронювань
22/04/2024 22:04 [INFO] Отриманий список бронювань
22/04/2024 22:05 [INFO] Завантажений список пасажирів
22/04/2024 22:05 [INFO] Отриманий список бронювань
22/04/2024 22:05 [INFO] Завантажений список пасажирів
22/04/2024 22:05 [INFO] Отриманий список бронювань
22/04/2024 22:05 [INFO] Пасажир знайдений у базі даних
22/04/2024 22:05 [INFO] Отриманий список бронювань
22/04/2024 22:05 [INFO] Бронювання додано то списку
22/04/2024 22:05 [INFO] Бронювання успішно збережено в БД
22/04/2024 22:05 [INFO] Бронювання успішно створено
22/04/2024 22:05 [INFO] Завантажений список пасажирів
22/04/2024 22:05 [INFO] Отриманий список бронювань
22/04/2024 22:05 [INFO] Отриманий список бронювань
22/04/2024 22:05 [INFO] Пошук пасажира в БД
22/04/2024 22:05 [INFO] Отриманий список бронювань
22/04/2024 22:09 [INFO] Отриманий список бронювань
22/04/2024 22:09 [INFO] Завантажений список пасажирів
22/04/2024 22:09 [INFO] Отриманий список бронювань
22/04/2024 22:09 [INFO] Отриманий список бронювань
22/04/2024 22:09 [INFO] Пошук пасажира в БД
22/04/2024 22:09 [INFO] Отриманий список бронювань
23/04/2024 12:58 [INFO] Отриманий список бронювань
23/04/2024 13:00 [INFO] Отриманий список бронювань
23/04/2024 13:04 [INFO] Отриманий список бронювань
23/04/2024 13:13 [INFO] Отриманий список бронювань
23/04/2024 13:16 [INFO] Завантажений список пасажирів
23/04/2024 13:16 [INFO] Отриманий список бронювань
23/04/2024 13:16 [INFO] Отриманий список бронювань
23/04/2024 13:16 [INFO] Бронювання додано то списку
23/04/2024 13:16 [INFO] Бронювання успішно збережено в БД
23/04/2024 13:16 [INFO] Бронювання успішно створено
23/04/2024 13:16 [INFO] Завантажений список пасажирів
23/04/2024 13:16 [INFO] Отриманий список бронювань
23/04/2024 13:16 [INFO] Отриманий список бронювань
23/04/2024 13:16 [INFO] Пошук пасажира в БД
23/04/2024 13:16 [INFO] Отриманий список бронювань
23/04/2024 13:17 [INFO] Отримано бронювання по ID
23/04/2024 13:17 [INFO] Бронювання видалено зі списку
23/04/2024 13:17 [INFO] Бронювання видалено з БД
23/04/2024 13:27 [INFO] Отриманий список бронювань
23/04/2024 13:30 [INFO] Завантажений список пасажирів
23/04/2024 13:30 [INFO] Отриманий список бронювань
23/04/2024 13:30 [INFO] Отриманий список бронювань
23/04/2024 13:30 [INFO] Бронювання додано то списку
23/04/2024 13:30 [INFO] Бронювання успішно збережено в БД
23/04/2024 13:30 [INFO] Бронювання успішно створено
23/04/2024 13:30 [INFO] Завантажений список пасажирів
23/04/2024 13:30 [INFO] Отриманий список бронювань
23/04/2024 13:30 [INFO] Отриманий список бронювань
23/04/2024 13:30 [INFO] Пошук пасажира в БД
23/04/2024 13:30 [INFO] Отриманий список бронювань
23/04/2024 13:30 [INFO] Отримано бронювання по ID
23/04/2024 13:30 [INFO] Бронювання видалено зі списку
23/04/2024 13:30 [INFO] Бронювання видалено з БД
23/04/2024 13:38 [INFO] Отриманий список бронювань
23/04/2024 13:39 [INFO] Завантажений список пасажирів
23/04/2024 13:39 [INFO] Отриманий список бронювань
23/04/2024 13:40 [INFO] Завантажений список пасажирів
23/04/2024 13:40 [INFO] Отриманий список бронювань
23/04/2024 13:48 [INFO] Отриманий список бронювань
23/04/2024 13:48 [INFO] Завантажений список пасажирів
23/04/2024 13:48 [INFO] Отриманий список бронювань
23/04/2024 13:49 [INFO] Завантажений список пасажирів
23/04/2024 13:49 [INFO] Отриманий список бронювань
23/04/2024 13:49 [INFO] Отриманий список бронювань
23/04/2024 13:49 [INFO] Бронювання додано то списку
23/04/2024 13:49 [INFO] Бронювання успішно збережено в БД
23/04/2024 13:49 [INFO] Бронювання успішно створено
23/04/2024 13:49 [INFO] Завантажений список пасажирів
23/04/2024 13:49 [INFO] Отриманий список бронювань
23/04/2024 13:49 [INFO] Отриманий список бронювань
23/04/2024 13:49 [INFO] Пошук пасажира в БД
23/04/2024 13:49 [INFO] Отриманий список бронювань
23/04/2024 13:50 [INFO] Отримано бронювання по ID
23/04/2024 13:50 [INFO] Бронювання видалено зі списку
23/04/2024 13:50 [INFO] Бронювання видалено з БД
23/04/2024 13:54 [INFO] Отриманий список бронювань
23/04/2024 13:54 [INFO] Завантажений список пасажирів
23/04/2024 13:54 [INFO] Отриманий список бронювань
23/04/2024 13:56 [INFO] Завантажений список пасажирів
23/04/2024 13:56 [INFO] Отриманий список бронювань
23/04/2024 13:56 [INFO] Отриманий список бронювань
23/04/2024 13:56 [INFO] Бронювання додано то списку
23/04/2024 13:56 [INFO] Бронювання успішно збережено в БД
23/04/2024 13:56 [INFO] Бронювання успішно створено
23/04/2024 13:56 [INFO] Завантажений список пасажирів
23/04/2024 13:56 [INFO] Отриманий список бронювань
23/04/2024 13:56 [INFO] Отриманий список бронювань
23/04/2024 13:56 [INFO] Бронювання додано то списку
23/04/2024 13:56 [INFO] Бронювання успішно збережено в БД
23/04/2024 13:56 [INFO] Бронювання успішно створено
23/04/2024 14:02 [INFO] Отриманий список бронювань
23/04/2024 14:02 [INFO] Отриманий список бронювань
23/04/2024 14:02 [INFO] Отриманий список бронювань
23/04/2024 14:06 [INFO] Отриманий список бронювань
23/04/2024 14:06 [INFO] Отриманий список бронювань
23/04/2024 14:06 [INFO] Отриманий список бронювань
23/04/2024 14:06 [INFO] Отриманий список бронювань
23/04/2024 14:06 [INFO] Отриманий список бронювань
23/04/2024 14:09 [INFO] Отриманий список бронювань
23/04/2024 14:09 [INFO] Отриманий список бронювань
23/04/2024 14:09 [INFO] Отриманий список бронювань
23/04/2024 14:09 [INFO] Отриманий список бронювань
23/04/2024 14:10 [INFO] Отриманий список бронювань
23/04/2024 14:10 [INFO] Отриманий список бронювань
23/04/2024 14:10 [INFO] Отриманий список бронювань
23/04/2024 14:10 [INFO] Отриманий список бронювань
23/04/2024 14:11 [INFO] Отриманий список бронювань
23/04/2024 14:11 [INFO] Отриманий список бронювань
23/04/2024 14:11 [INFO] Отриманий список бронювань
23/04/2024 14:11 [INFO] Отриманий список бронювань
23/04/2024 14:12 [INFO] Отриманий список бронювань
23/04/2024 14:12 [INFO] Отриманий список бронювань
23/04/2024 14:13 [INFO] Отриманий список бронювань
23/04/2024 14:13 [INFO] Отриманий список бронювань
23/04/2024 14:13 [INFO] Отриманий список бронювань
23/04/2024 14:13 [INFO] Отриманий список бронювань
23/04/2024 14:50 [INFO] Отриманий список бронювань
23/04/2024 14:51 [INFO] Завантажений список пасажирів
23/04/2024 14:51 [INFO] Отриманий список бронювань
23/04/2024 14:51 [INFO] Завантажений список пасажирів
23/04/2024 14:51 [INFO] Отриманий список бронювань
23/04/2024 14:51 [INFO] Отриманий список бронювань
23/04/2024 14:51 [INFO] Пошук пасажира в БД
23/04/2024 14:51 [INFO] Отриманий список бронювань
23/04/2024 14:51 [INFO] Завантажений список пасажирів
23/04/2024 14:51 [INFO] Отриманий список бронювань
23/04/2024 14:52 [INFO] Завантажений список пасажирів
23/04/2024 14:52 [INFO] Отриманий список бронювань
23/04/2024 14:52 [INFO] Отриманий список бронювань
23/04/2024 14:52 [INFO] Пошук пасажира в БД
23/04/2024 14:52 [INFO] Отриманий список бронювань
23/04/2024 14:52 [INFO] Отримано бронювання по ID
23/04/2024 14:52 [INFO] Бронювання видалено зі списку
23/04/2024 14:52 [INFO] Бронювання видалено з БД
23/04/2024 15:47 [INFO] Завантажений список пасажирів
23/04/2024 15:47 [INFO] Отриманий список бронювань
23/04/2024 15:47 [INFO] Отриманий список бронювань
23/04/2024 15:47 [INFO] Бронювання додано то списку
23/04/2024 15:47 [INFO] Бронювання успішно збережено в БД
23/04/2024 15:47 [INFO] Бронювання успішно створено
23/04/2024 16:13 [INFO] Отриманий список бронювань
23/04/2024 16:14 [INFO] Завантажений список пасажирів
23/04/2024 16:14 [INFO] Отриманий список бронювань
23/04/2024 16:15 [INFO] Завантажений список пасажирів
23/04/2024 16:15 [INFO] Отриманий список бронювань
23/04/2024 16:15 [INFO] Отриманий список бронювань
23/04/2024 16:15 [INFO] Бронювання додано то списку
23/04/2024 16:15 [INFO] Бронювання успішно збережено в БД
23/04/2024 16:15 [INFO] Бронювання успішно створено
23/04/2024 16:15 [INFO] Завантажений список пасажирів
23/04/2024 16:15 [INFO] Отриманий список бронювань
23/04/2024 16:15 [INFO] Отриманий список бронювань
23/04/2024 16:15 [INFO] Бронювання додано то списку
23/04/2024 16:15 [INFO] Бронювання успішно збережено в БД
23/04/2024 16:15 [INFO] Бронювання успішно створено
23/04/2024 17:38 [INFO] Отриманий список бронювань
23/04/2024 17:38 [INFO] Завантажений список пасажирів
23/04/2024 17:38 [INFO] Отриманий список бронювань
23/04/2024 17:42 [INFO] Отриманий список бронювань
23/04/2024 17:43 [INFO] Завантажений список пасажирів
23/04/2024 17:43 [INFO] Отриманий список бронювань
23/04/2024 17:44 [INFO] Завантажений список пасажирів
23/04/2024 17:44 [INFO] Отриманий список бронювань
23/04/2024 17:44 [INFO] Отриманий список бронювань
23/04/2024 17:44 [INFO] Бронювання додано то списку
23/04/2024 17:44 [INFO] Бронювання успішно збережено в БД
23/04/2024 17:44 [INFO] Бронювання успішно створено
23/04/2024 17:45 [INFO] Завантажений список пасажирів
23/04/2024 17:45 [INFO] Отриманий список бронювань
23/04/2024 17:45 [INFO] Отриманий список бронювань
23/04/2024 17:45 [INFO] Пошук пасажира в БД
23/04/2024 17:45 [INFO] Отриманий список бронювань
23/04/2024 17:46 [INFO] Отримано бронювання по ID
23/04/2024 17:46 [INFO] Бронювання видалено зі списку
23/04/2024 17:46 [INFO] Бронювання видалено з БД
23/04/2024 17:46 [INFO] Отримано бронювання по ID
23/04/2024 17:47 [INFO] Отриманий список бронювань
23/04/2024 17:47 [INFO] Завантажений список пасажирів
23/04/2024 17:47 [INFO] Отриманий список бронювань
23/04/2024 17:48 [INFO] Отриманий список бронювань
23/04/2024 17:48 [INFO] Завантажений список пасажирів
23/04/2024 17:48 [INFO] Отриманий список бронювань
23/04/2024 17:50 [INFO] Завантажений список пасажирів
23/04/2024 17:50 [INFO] Отриманий список бронювань
23/04/2024 17:50 [INFO] Завантажений список пасажирів
23/04/2024 17:50 [INFO] Отриманий список бронювань
23/04/2024 17:50 [INFO] Отриманий список бронювань
23/04/2024 17:50 [INFO] Бронювання додано то списку
23/04/2024 17:50 [INFO] Бронювання успішно збережено в БД
23/04/2024 17:50 [INFO] Бронювання успішно створено
23/04/2024 17:50 [INFO] Завантажений список пасажирів
23/04/2024 17:50 [INFO] Отриманий список бронювань
23/04/2024 17:50 [INFO] Отриманий список бронювань
23/04/2024 17:50 [INFO] Пошук пасажира в БД
23/04/2024 17:50 [INFO] Отриманий список бронювань
23/04/2024 17:50 [INFO] Отримано бронювання по ID
23/04/2024 17:50 [INFO] Бронювання видалено зі списку
23/04/2024 17:50 [INFO] Бронювання видалено з БД
23/04/2024 17:50 [INFO] Отримано бронювання по ID
23/04/2024 17:53 [INFO] Отриманий список бронювань
23/04/2024 17:53 [INFO] Завантажений список пасажирів
23/04/2024 17:53 [INFO] Отриманий список бронювань
23/04/2024 17:53 [INFO] Отримано бронювання по ID
23/04/2024 17:53 [ERROR] Невдала спроба видалення бронювання
23/04/2024 17:53 [INFO] Отримано бронювання по ID
23/04/2024 17:56 [INFO] Отриманий список бронювань
23/04/2024 17:56 [INFO] Завантажений список пасажирів
23/04/2024 17:56 [INFO] Отриманий список бронювань
23/04/2024 17:56 [INFO] Отримано бронювання по ID
23/04/2024 17:56 [ERROR] Невдала спроба видалення бронювання
23/04/2024 17:56 [INFO] Отримано бронювання по ID
23/04/2024 17:57 [INFO] Отриманий список бронювань
23/04/2024 17:58 [INFO] Завантажений список пасажирів
23/04/2024 17:58 [INFO] Отриманий список бронювань
23/04/2024 17:58 [INFO] Отримано бронювання по ID
23/04/2024 18:00 [INFO] Отриманий список бронювань
23/04/2024 18:00 [INFO] Завантажений список пасажирів
23/04/2024 18:00 [INFO] Отриманий список бронювань
23/04/2024 18:00 [INFO] Завантажений список пасажирів
23/04/2024 18:00 [INFO] Отриманий список бронювань
23/04/2024 18:00 [INFO] Отриманий список бронювань
23/04/2024 18:00 [INFO] Пошук пасажира в БД
23/04/2024 18:00 [INFO] Отриманий список бронювань
23/04/2024 18:01 [INFO] Отримано бронювання по ID
23/04/2024 18:01 [INFO] Отримано бронювання по ID
23/04/2024 18:01 [INFO] Бронювання видалено зі списку
23/04/2024 18:01 [INFO] Бронювання видалено з БД
23/04/2024 18:01 [INFO] Завантажений список пасажирів
23/04/2024 18:01 [INFO] Отриманий список бронювань
23/04/2024 18:01 [INFO] Отриманий список бронювань
23/04/2024 18:01 [INFO] Пошук пасажира в БД
23/04/2024 18:01 [INFO] Отриманий список бронювань
23/04/2024 18:06 [INFO] Отриманий список бронювань
23/04/2024 18:06 [INFO] Завантажений список пасажирів
23/04/2024 18:06 [INFO] Отриманий список бронювань
23/04/2024 18:06 [INFO] Завантажений список пасажирів
23/04/2024 18:06 [INFO] Отриманий список бронювань
23/04/2024 18:06 [INFO] Отриманий список бронювань
23/04/2024 18:06 [INFO] Пошук пасажира в БД
23/04/2024 18:06 [INFO] Отриманий список бронювань
23/04/2024 18:06 [INFO] Отримано бронювання по ID
23/04/2024 18:06 [INFO] Отримано бронювання по ID
23/04/2024 18:06 [INFO] Бронювання видалено зі списку
23/04/2024 18:06 [INFO] Бронювання видалено з БД
23/04/2024 18:07 [INFO] Отримано бронювання по ID
23/04/2024 18:08 [INFO] Отриманий список бронювань
23/04/2024 18:09 [INFO] Завантажений список пасажирів
23/04/2024 18:09 [INFO] Отриманий список бронювань
23/04/2024 18:09 [INFO] Завантажений список пасажирів
23/04/2024 18:09 [INFO] Отриманий список бронювань
23/04/2024 18:09 [INFO] Отриманий список бронювань
23/04/2024 18:09 [INFO] Пошук пасажира в БД
23/04/2024 18:09 [INFO] Отриманий список бронювань
23/04/2024 18:09 [INFO] Отримано бронювання по ID
23/04/2024 18:09 [INFO] Отримано бронювання по ID
23/04/2024 18:09 [INFO] Бронювання видалено зі списку
23/04/2024 18:09 [INFO] Бронювання видалено з БД
23/04/2024 18:09 [INFO] Завантажений список пасажирів
23/04/2024 18:09 [INFO] Отриманий список бронювань
23/04/2024 18:09 [INFO] Отриманий список бронювань
23/04/2024 18:09 [INFO] Пошук пасажира в БД
23/04/2024 18:09 [INFO] Отриманий список бронювань
23/04/2024 18:09 [INFO] Отримано бронювання по ID
23/04/2024 18:11 [INFO] Завантажений список пасажирів
23/04/2024 18:11 [INFO] Отриманий список бронювань
23/04/2024 18:11 [INFO] Отриманий список бронювань
23/04/2024 18:11 [INFO] Пошук пасажира в БД
23/04/2024 18:11 [INFO] Отриманий список бронювань
23/04/2024 18:11 [INFO] Отримано бронювання по ID
23/04/2024 18:14 [INFO] Завантажений список пасажирів
23/04/2024 18:14 [INFO] Отриманий список бронювань
23/04/2024 18:14 [INFO] Отриманий список бронювань
23/04/2024 18:14 [INFO] Пошук пасажира в БД
23/04/2024 18:14 [INFO] Отриманий список бронювань
23/04/2024 18:14 [INFO] Отримано бронювання по ID
23/04/2024 18:14 [INFO] Отримано бронювання по ID
23/04/2024 18:14 [INFO] Бронювання видалено зі списку
23/04/2024 18:14 [INFO] Бронювання видалено з БД
23/04/2024 18:14 [INFO] Завантажений список пасажирів
23/04/2024 18:14 [INFO] Отриманий список бронювань
23/04/2024 18:14 [INFO] Отриманий список бронювань
23/04/2024 18:14 [INFO] Пошук пасажира в БД
23/04/2024 18:14 [INFO] Отриманий список бронювань
23/04/2024 18:14 [INFO] Отримано бронювання по ID
